Using pre-set license
Built from '2020.3/staging' branch; Version is '2020.3.23f1 (c5d91304a876) revision 12966163'; Using compiler version '192528614'; Build Type 'Release'
OS: 'Windows 10 Education; OS build 19044.1889; Version 2009; 64bit' Language: 'en' Physical Memory: 16300 MB
BatchMode: 1, IsHumanControllingUs: 0, StartBugReporterOnCrash: 0, Is64bit: 1, IsPro: 0

COMMAND LINE ARGUMENTS:
C:\Program Files\Unity\Hub\Editor\2020.3.23f1\Editor\Unity.exe
-adb2
-batchMode
-noUpm
-name
AssetImportWorker0
-projectPath
C:/Users/ralfonso2021/Documents/GitHub/cameratoggle/toggle camera unity project
-logFile
Logs/AssetImportWorker0.log
-srvPort
56287
Successfully changed project path to: C:/Users/ralfonso2021/Documents/GitHub/cameratoggle/toggle camera unity project
C:/Users/ralfonso2021/Documents/GitHub/cameratoggle/toggle camera unity project
Using Asset Import Pipeline V2.
Refreshing native plugins compatible for Editor in 34.85 ms, found 2 plugins.
Preloading 0 native plugins for Editor in 0.00 ms.
Initialize engine version: 2020.3.23f1 (c5d91304a876)
[Subsystems] Discovering subsystems at path C:/Program Files/Unity/Hub/Editor/2020.3.23f1/Editor/Data/Resources/UnitySubsystems
[Subsystems] Discovering subsystems at path C:/Users/ralfonso2021/Documents/GitHub/cameratoggle/toggle camera unity project/Assets
GfxDevice: creating device client; threaded=0
Direct3D:
    Version:  Direct3D 11.0 [level 11.1]
    Renderer: NVIDIA GeForce GTX 1070 (ID=0x1b81)
    Vendor:   
    VRAM:     8088 MB
    Driver:   27.21.14.5671
Initialize mono
Mono path[0] = 'C:/Program Files/Unity/Hub/Editor/2020.3.23f1/Editor/Data/Managed'
Mono path[1] = 'C:/Program Files/Unity/Hub/Editor/2020.3.23f1/Editor/Data/MonoBleedingEdge/lib/mono/unityjit'
Mono config path = 'C:/Program Files/Unity/Hub/Editor/2020.3.23f1/Editor/Data/MonoBleedingEdge/etc'
Using monoOptions --debugger-agent=transport=dt_socket,embedding=1,server=y,suspend=n,address=127.0.0.1:56796
Begin MonoManager ReloadAssembly
Registering precompiled unity dll's ...
Register platform support module: C:/Program Files/Unity/Hub/Editor/2020.3.23f1/Editor/Data/PlaybackEngines/WindowsStandaloneSupport/UnityEditor.WindowsStandalone.Extensions.dll
Registered in 0.002077 seconds.
Native extension for WindowsStandalone target not found
Refreshing native plugins compatible for Editor in 31.95 ms, found 2 plugins.
Preloading 0 native plugins for Editor in 0.00 ms.
Mono: successfully reloaded assembly
- Completed reload, in  0.579 seconds
Domain Reload Profiling:
	ReloadAssembly (579ms)
		BeginReloadAssembly (58ms)
			ExecutionOrderSort (0ms)
			DisableScriptedObjects (0ms)
			BackupInstance (0ms)
			ReleaseScriptingObjects (0ms)
			CreateAndSetChildDomain (1ms)
		EndReloadAssembly (446ms)
			LoadAssemblies (56ms)
			RebuildTransferFunctionScriptingTraits (0ms)
			SetupTypeCache (152ms)
			ReleaseScriptCaches (0ms)
			RebuildScriptCaches (31ms)
			SetupLoadedEditorAssemblies (160ms)
				LogAssemblyErrors (0ms)
				InitializePlatformSupportModulesInManaged (4ms)
				SetLoadedEditorAssemblies (0ms)
				RefreshPlugins (32ms)
				BeforeProcessingInitializeOnLoad (17ms)
				ProcessInitializeOnLoadAttributes (80ms)
				ProcessInitializeOnLoadMethodAttributes (27ms)
				AfterProcessingInitializeOnLoad (0ms)
				EditorAssembliesLoaded (0ms)
			ExecutionOrderSort2 (0ms)
			AwakeInstancesAfterBackupRestoration (0ms)
Platform modules already initialized, skipping
Registering precompiled user dll's ...
Registered in 0.005290 seconds.
Begin MonoManager ReloadAssembly
Native extension for WindowsStandalone target not found
Refreshing native plugins compatible for Editor in 0.33 ms, found 2 plugins.
Preloading 0 native plugins for Editor in 0.00 ms.
Mono: successfully reloaded assembly
- Completed reload, in  1.013 seconds
Domain Reload Profiling:
	ReloadAssembly (1013ms)
		BeginReloadAssembly (148ms)
			ExecutionOrderSort (0ms)
			DisableScriptedObjects (5ms)
			BackupInstance (0ms)
			ReleaseScriptingObjects (0ms)
			CreateAndSetChildDomain (18ms)
		EndReloadAssembly (803ms)
			LoadAssemblies (89ms)
			RebuildTransferFunctionScriptingTraits (0ms)
			SetupTypeCache (279ms)
			ReleaseScriptCaches (0ms)
			RebuildScriptCaches (40ms)
			SetupLoadedEditorAssemblies (307ms)
				LogAssemblyErrors (0ms)
				InitializePlatformSupportModulesInManaged (4ms)
				SetLoadedEditorAssemblies (1ms)
				RefreshPlugins (0ms)
				BeforeProcessingInitializeOnLoad (80ms)
				ProcessInitializeOnLoadAttributes (205ms)
				ProcessInitializeOnLoadMethodAttributes (9ms)
				AfterProcessingInitializeOnLoad (7ms)
				EditorAssembliesLoaded (0ms)
			ExecutionOrderSort2 (0ms)
			AwakeInstancesAfterBackupRestoration (6ms)
Platform modules already initialized, skipping
========================================================================
Worker process is ready to serve import requests
Launched and connected shader compiler UnityShaderCompiler.exe after 0.05 seconds
Refreshing native plugins compatible for Editor in 0.33 ms, found 2 plugins.
Preloading 0 native plugins for Editor in 0.00 ms.
Unloading 1501 Unused Serialized files (Serialized files now loaded: 0)
System memory in use before: 69.8 MB.
System memory in use after: 69.9 MB.

Unloading 19 unused Assets to reduce memory usage. Loaded Objects now: 1938.
Total: 2.718900 ms (FindLiveObjects: 0.151100 ms CreateObjectMapping: 0.050100 ms MarkObjects: 2.454600 ms  DeleteObjects: 0.062100 ms)

AssetImportParameters requested are different than current active one (requested -> active):
  custom:framework-win-MediaFoundation: 216162199b28c13a410421893ffa2e32 -> 
  custom:video-decoder-ogg-theora: a1e56fd34408186e4bbccfd4996cb3dc -> 
  custom:container-muxer-webm: aa71ff27fc2769a1b78a27578f13a17b -> 
  custom:container-demuxer-webm: 4f35f7cbe854078d1ac9338744f61a02 -> 
  custom:container-demuxer-ogg: 62fdf1f143b41e24485cea50d1cbac27 -> 
  custom:video-encoder-webm-vp8: eb34c28f22e8b96e1ab97ce403110664 -> 
  custom:video-decoder-webm-vp8: 9c59270c3fd7afecdb556c50c9e8de78 -> 
  custom:audio-decoder-ogg-vorbis: bf7c407c2cedff20999df2af8eb42d56 -> 
  custom:audio-encoder-webm-vorbis: bf7c407c2cedff20999df2af8eb42d56 -> 
========================================================================
Received Import Request.
  path: Assets/scary-creature
  artifactKey: Guid(0e410a309d7bfa34c9c05528a7e06965) Importer(815301076,1909f56bfc062723c751e8b465ee728b)
Start importing Assets/scary-creature using Guid(0e410a309d7bfa34c9c05528a7e06965) Importer(815301076,1909f56bfc062723c751e8b465ee728b)  -> (artifact id: 'b93ff5d381942db97927a92dafe63a71') in 0.007701 seconds 
  Import took 0.009926 seconds .

========================================================================
Received Import Request.
  Time since last request: 0.000311 seconds.
  path: Assets/scary-creature/source/idle.fbx
  artifactKey: Guid(7d4a018744ff0fd45903394a9c328bed) Importer(815301076,1909f56bfc062723c751e8b465ee728b)
Start importing Assets/scary-creature/source/idle.fbx using Guid(7d4a018744ff0fd45903394a9c328bed) Importer(815301076,1909f56bfc062723c751e8b465ee728b)  -> (artifact id: '10000b2e4705b731b23338b87ac436c4') in 0.245199 seconds 
  Import took 0.248854 seconds .

========================================================================
Received Import Request.
  Time since last request: 0.000230 seconds.
  path: Assets/scary-creature/source
  artifactKey: Guid(c1d35d5f216ee484697058b7a2b56783) Importer(815301076,1909f56bfc062723c751e8b465ee728b)
Start importing Assets/scary-creature/source using Guid(c1d35d5f216ee484697058b7a2b56783) Importer(815301076,1909f56bfc062723c751e8b465ee728b)  -> (artifact id: '2be60bb7732b2046a142512789666660') in 0.005078 seconds 
  Import took 0.007800 seconds .

========================================================================
Received Import Request.
  Time since last request: 4.512778 seconds.
  path: Assets/scary-creature/textures
  artifactKey: Guid(05d4ebb4f282036459e6fddbc19c6b85) Importer(815301076,1909f56bfc062723c751e8b465ee728b)
Start importing Assets/scary-creature/textures using Guid(05d4ebb4f282036459e6fddbc19c6b85) Importer(815301076,1909f56bfc062723c751e8b465ee728b)  -> (artifact id: 'fd08735191dcfd2d5c36dbb7516bdfcc') in 0.006025 seconds 
  Import took 0.008719 seconds .

========================================================================
Received Import Request.
  Time since last request: 0.041125 seconds.
  path: Assets/scary-creature/textures/thing_Base_color.png
  artifactKey: Guid(9bb515acf8d6bf84eb87f1537d780660) Importer(815301076,1909f56bfc062723c751e8b465ee728b)
Start importing Assets/scary-creature/textures/thing_Base_color.png using Guid(9bb515acf8d6bf84eb87f1537d780660) Importer(815301076,1909f56bfc062723c751e8b465ee728b)  -> (artifact id: 'd6109331584b5785182cd4254dae78ad') in 0.025262 seconds 
  Import took 0.028062 seconds .

========================================================================
Received Import Request.
  Time since last request: 0.000302 seconds.
  path: Assets/scary-creature/textures/thing_Normal_OpenGL.png
  artifactKey: Guid(7f90504dbe2c69341970c3e9196ca2d4) Importer(815301076,1909f56bfc062723c751e8b465ee728b)
Start importing Assets/scary-creature/textures/thing_Normal_OpenGL.png using Guid(7f90504dbe2c69341970c3e9196ca2d4) Importer(815301076,1909f56bfc062723c751e8b465ee728b)  -> (artifact id: '733c88ffd20007550f51b0eca5b92a79') in 0.012214 seconds 
  Import took 0.015393 seconds .

========================================================================
Received Import Request.
  Time since last request: 0.000244 seconds.
  path: Assets/scary-creature/textures/thing_Mixed_AO.png
  artifactKey: Guid(82a51b2a75aaf3c41b92bfb6dc2da093) Importer(815301076,1909f56bfc062723c751e8b465ee728b)
Start importing Assets/scary-creature/textures/thing_Mixed_AO.png using Guid(82a51b2a75aaf3c41b92bfb6dc2da093) Importer(815301076,1909f56bfc062723c751e8b465ee728b)  -> (artifact id: '8cb78a53c09d29075d6f9d3d4af5d39a') in 0.011833 seconds 
  Import took 0.015048 seconds .

========================================================================
Received Import Request.
  Time since last request: 0.000273 seconds.
  path: Assets/scary-creature/textures/thing_Metallic.png
  artifactKey: Guid(53ac754c7a5c6774aac45d7475eeb0a3) Importer(815301076,1909f56bfc062723c751e8b465ee728b)
Start importing Assets/scary-creature/textures/thing_Metallic.png using Guid(53ac754c7a5c6774aac45d7475eeb0a3) Importer(815301076,1909f56bfc062723c751e8b465ee728b)  -> (artifact id: 'a6956cdb13b6d2791970733ef16435c0') in 0.013127 seconds 
  Import took 0.015316 seconds .

========================================================================
Received Import Request.
  Time since last request: 0.000244 seconds.
  path: Assets/scary-creature/textures/thing_Roughness.png
  artifactKey: Guid(2f987f4b0cc0a144f865f0ceea927402) Importer(815301076,1909f56bfc062723c751e8b465ee728b)
Start importing Assets/scary-creature/textures/thing_Roughness.png using Guid(2f987f4b0cc0a144f865f0ceea927402) Importer(815301076,1909f56bfc062723c751e8b465ee728b)  -> (artifact id: 'e594a879f6bb620fb98fbaa495de0f3c') in 0.012951 seconds 
  Import took 0.015163 seconds .

========================================================================
Received Import Request.
  Time since last request: 0.000290 seconds.
  path: Assets/scary-creature/textures/thing_Emissive.png
  artifactKey: Guid(1dceaa080d4bac34e984ff4901cffa30) Importer(815301076,1909f56bfc062723c751e8b465ee728b)
Start importing Assets/scary-creature/textures/thing_Emissive.png using Guid(1dceaa080d4bac34e984ff4901cffa30) Importer(815301076,1909f56bfc062723c751e8b465ee728b)  -> (artifact id: '5a54420949445ebf99fd9bd8f8884894') in 0.012131 seconds 
  Import took 0.014269 seconds .

========================================================================
Received Import Request.
  Time since last request: 15.192995 seconds.
  path: Assets/scary-creature/textures/Creaturwe.mat
  artifactKey: Guid(3f95202e24dafe948a9b741e8f0eb5d2) Importer(815301076,1909f56bfc062723c751e8b465ee728b)
Start importing Assets/scary-creature/textures/Creaturwe.mat using Guid(3f95202e24dafe948a9b741e8f0eb5d2) Importer(815301076,1909f56bfc062723c751e8b465ee728b)  -> (artifact id: '16313a26c5969ca650d370743d5062e6') in 0.015835 seconds 
  Import took 0.018543 seconds .

========================================================================
Received Import Request.
  Time since last request: 48.197147 seconds.
  path: Assets/scary-creature/textures/thing_Normal_OpenGL.png
  artifactKey: Guid(7f90504dbe2c69341970c3e9196ca2d4) Importer(815301076,1909f56bfc062723c751e8b465ee728b)
Start importing Assets/scary-creature/textures/thing_Normal_OpenGL.png using Guid(7f90504dbe2c69341970c3e9196ca2d4) Importer(815301076,1909f56bfc062723c751e8b465ee728b)  -> (artifact id: 'de11b84469a1cd2d828e45437b07fa96') in 0.024820 seconds 
  Import took 0.027850 seconds .

========================================================================
Received Import Request.
  Time since last request: 103.469943 seconds.
  path: Assets/glassbottle/Glass_Bottle_FBX.fbx
  artifactKey: Guid(bcdb1ba983fbff4468e38a78f3cac507) Importer(815301076,1909f56bfc062723c751e8b465ee728b)
Start importing Assets/glassbottle/Glass_Bottle_FBX.fbx using Guid(bcdb1ba983fbff4468e38a78f3cac507) Importer(815301076,1909f56bfc062723c751e8b465ee728b)  -> (artifact id: '2dc2cad7d2ae84aaa11ebae474dc34da') in 0.022509 seconds 
  Import took 0.025504 seconds .

========================================================================
Received Import Request.
  Time since last request: 2.190920 seconds.
  path: Assets/Chair/Silla.FBX
  artifactKey: Guid(c361a6924a7e60448a5f79baa4ecbeac) Importer(815301076,1909f56bfc062723c751e8b465ee728b)
Start importing Assets/Chair/Silla.FBX using Guid(c361a6924a7e60448a5f79baa4ecbeac) Importer(815301076,1909f56bfc062723c751e8b465ee728b)  -> (artifact id: '758622af1b0403f84cd0a9a5d8d8ad55') in 0.025472 seconds 
  Import took 0.028785 seconds .

========================================================================
Received Import Request.
  Time since last request: 0.000260 seconds.
  path: Assets/bloody knife/caidao_low.fbx
  artifactKey: Guid(eaf3829851585a9479564d5dc55d2563) Importer(815301076,1909f56bfc062723c751e8b465ee728b)
Start importing Assets/bloody knife/caidao_low.fbx using Guid(eaf3829851585a9479564d5dc55d2563) Importer(815301076,1909f56bfc062723c751e8b465ee728b)  -> (artifact id: '50efe867d4b934af971e42a8d227a49a') in 0.023949 seconds 
  Import took 0.027246 seconds .

========================================================================
Received Import Request.
  Time since last request: 317.543480 seconds.
  path: Assets/Victim
  artifactKey: Guid(02ea0ded50f99284fb1ecf56e21c7c86) Importer(815301076,1909f56bfc062723c751e8b465ee728b)
Start importing Assets/Victim using Guid(02ea0ded50f99284fb1ecf56e21c7c86) Importer(815301076,1909f56bfc062723c751e8b465ee728b)  -> (artifact id: 'e78705281999532a7cddc676ea1ccc82') in 0.005073 seconds 
  Import took 0.007924 seconds .

========================================================================
Received Import Request.
  Time since last request: 5.164651 seconds.
  path: Assets/Victim/Victim1.fbx
  artifactKey: Guid(28da250c138ea8c4ab9cd47bed5bb724) Importer(815301076,1909f56bfc062723c751e8b465ee728b)
Start importing Assets/Victim/Victim1.fbx using Guid(28da250c138ea8c4ab9cd47bed5bb724) Importer(815301076,1909f56bfc062723c751e8b465ee728b)  -> (artifact id: 'd19f796147442a96e5892cfc545f8af7') in 0.138535 seconds 
  Import took 0.141032 seconds .

========================================================================
Received Import Request.
  Time since last request: 8.093656 seconds.
  path: Assets/Victim/Victim1.fbx
  artifactKey: Guid(28da250c138ea8c4ab9cd47bed5bb724) Importer(815301076,1909f56bfc062723c751e8b465ee728b)
Start importing Assets/Victim/Victim1.fbx using Guid(28da250c138ea8c4ab9cd47bed5bb724) Importer(815301076,1909f56bfc062723c751e8b465ee728b)  -> (artifact id: '21b86c7544d576767c20f59e2551c028') in 0.049458 seconds 
  Import took 0.052095 seconds .

========================================================================
Received Import Request.
  Time since last request: 72.356841 seconds.
  path: Assets/room/Painting evil.mat
  artifactKey: Guid(746d5d825589e194b8821fdb91e43825) Importer(815301076,1909f56bfc062723c751e8b465ee728b)
Start importing Assets/room/Painting evil.mat using Guid(746d5d825589e194b8821fdb91e43825) Importer(815301076,1909f56bfc062723c751e8b465ee728b)  -> (artifact id: 'e889e69bdb2aaebc76c431a6abc07e33') in 0.012431 seconds 
  Import took 0.015282 seconds .

========================================================================
Received Import Request.
  Time since last request: 79.086633 seconds.
  path: Assets/room/Background evil.mat
  artifactKey: Guid(ba6e5d15103962442b33b770c670b11b) Importer(815301076,1909f56bfc062723c751e8b465ee728b)
Start importing Assets/room/Background evil.mat using Guid(ba6e5d15103962442b33b770c670b11b) Importer(815301076,1909f56bfc062723c751e8b465ee728b)  -> (artifact id: '98f937602955aec73d5dcb85c67b0ee4') in 0.012784 seconds 
  Import took 0.016019 seconds .

========================================================================
Received Import Request.
  Time since last request: 230.184378 seconds.
  path: Assets/Blood splatter
  artifactKey: Guid(0413f9e8c38def648a8c141441444805) Importer(815301076,1909f56bfc062723c751e8b465ee728b)
Start importing Assets/Blood splatter using Guid(0413f9e8c38def648a8c141441444805) Importer(815301076,1909f56bfc062723c751e8b465ee728b)  -> (artifact id: '90f23fab41cfc3d4b9a0f1f4b45737aa') in 0.005386 seconds 
  Import took 0.008565 seconds .

========================================================================
Received Import Request.
  Time since last request: 0.034354 seconds.
  path: Assets/Blood splatter/Blood splatter.obj
  artifactKey: Guid(6b7b77e6d3a4aab4d97f8f99e10ee5c0) Importer(815301076,1909f56bfc062723c751e8b465ee728b)
Start importing Assets/Blood splatter/Blood splatter.obj using Guid(6b7b77e6d3a4aab4d97f8f99e10ee5c0) Importer(815301076,1909f56bfc062723c751e8b465ee728b)  -> (artifact id: 'c8121711ba0bca4d9c11a5785ae0ab06') in 0.075875 seconds 
  Import took 0.079552 seconds .

========================================================================
Received Import Request.
  Time since last request: 8.470123 seconds.
  path: Assets/Blood splatter/Blood.mat
  artifactKey: Guid(646454408e71a8947a58f325f98d5b3b) Importer(815301076,1909f56bfc062723c751e8b465ee728b)
Start importing Assets/Blood splatter/Blood.mat using Guid(646454408e71a8947a58f325f98d5b3b) Importer(815301076,1909f56bfc062723c751e8b465ee728b)  -> (artifact id: '9519a250786051b8e8affbe7d78eb0ec') in 0.010707 seconds 
  Import took 0.013101 seconds .

========================================================================
Received Import Request.
  Time since last request: 329.153826 seconds.
  path: Assets/Blood splatter/uploads_files_910773_Blood+Stain+F.FBX
  artifactKey: Guid(bc43237bf83e03f4b92f28991e775290) Importer(815301076,1909f56bfc062723c751e8b465ee728b)
Start importing Assets/Blood splatter/uploads_files_910773_Blood+Stain+F.FBX using Guid(bc43237bf83e03f4b92f28991e775290) Importer(815301076,1909f56bfc062723c751e8b465ee728b)  -> (artifact id: 'da95068e1a41e278fcba06275270810f') in 0.042962 seconds 
  Import took 0.045972 seconds .

========================================================================
Received Import Request.
  Time since last request: 58.584157 seconds.
  path: Assets/Blood splatter/Blood floor.mat
  artifactKey: Guid(6e5ad124fd316614888225b785a9df43) Importer(815301076,1909f56bfc062723c751e8b465ee728b)
Start importing Assets/Blood splatter/Blood floor.mat using Guid(6e5ad124fd316614888225b785a9df43) Importer(815301076,1909f56bfc062723c751e8b465ee728b)  -> (artifact id: 'c6ad06fbe61e734c72332fcbf23aaf9d') in 0.013741 seconds 
  Import took 0.017004 seconds .

========================================================================
Received Import Request.
  Time since last request: 288.825230 seconds.
  path: Assets/Blood splatter/Corpse.fbx
  artifactKey: Guid(08a20485ca309ce40a73415694c36f08) Importer(815301076,1909f56bfc062723c751e8b465ee728b)
Start importing Assets/Blood splatter/Corpse.fbx using Guid(08a20485ca309ce40a73415694c36f08) Importer(815301076,1909f56bfc062723c751e8b465ee728b)  -> (artifact id: '1c59c622e25235eb98ad4e7d3ce8e3dc') in 0.058614 seconds 
  Import took 0.061608 seconds .

========================================================================
Received Import Request.
  Time since last request: 61.641746 seconds.
  path: Assets/Corpse_albedo.jpg
  artifactKey: Guid(d4c5a2c1bac650247acd2eda5ba528e5) Importer(815301076,1909f56bfc062723c751e8b465ee728b)
Start importing Assets/Corpse_albedo.jpg using Guid(d4c5a2c1bac650247acd2eda5ba528e5) Importer(815301076,1909f56bfc062723c751e8b465ee728b)  -> (artifact id: 'd17b4944e5c1f88dd9c5ab98791a4671') in 0.020536 seconds 
  Import took 0.023367 seconds .

========================================================================
Received Import Request.
  Time since last request: 3.111949 seconds.
  path: Assets/Corpse_ao.jpg
  artifactKey: Guid(69d1314f6e55dbb409ee92f752197528) Importer(815301076,1909f56bfc062723c751e8b465ee728b)
Start importing Assets/Corpse_ao.jpg using Guid(69d1314f6e55dbb409ee92f752197528) Importer(815301076,1909f56bfc062723c751e8b465ee728b)  -> (artifact id: '4f34aa476853a80ae0f8a0749c9e15ab') in 0.023568 seconds 
  Import took 0.026006 seconds .

========================================================================
Received Import Request.
  Time since last request: 0.000261 seconds.
  path: Assets/Corpse_roughness.jpg
  artifactKey: Guid(7dc9ab570496fac4d8ed398f63af32c5) Importer(815301076,1909f56bfc062723c751e8b465ee728b)
Start importing Assets/Corpse_roughness.jpg using Guid(7dc9ab570496fac4d8ed398f63af32c5) Importer(815301076,1909f56bfc062723c751e8b465ee728b)  -> (artifact id: 'e32a693e65e585ebfc550805629daf5f') in 0.012311 seconds 
  Import took 0.014725 seconds .

========================================================================
Received Import Request.
  Time since last request: 0.000233 seconds.
  path: Assets/Corpse_normal.jpg
  artifactKey: Guid(b6f7fae82da66c944b81f11e50c3e8b0) Importer(815301076,1909f56bfc062723c751e8b465ee728b)
Start importing Assets/Corpse_normal.jpg using Guid(b6f7fae82da66c944b81f11e50c3e8b0) Importer(815301076,1909f56bfc062723c751e8b465ee728b)  -> (artifact id: '4a124507dd8e724cb5a384529f895700') in 0.012326 seconds 
  Import took 0.014596 seconds .

========================================================================
Received Import Request.
  Time since last request: 0.000230 seconds.
  path: Assets/Corpse_metalness.jpg
  artifactKey: Guid(d9c03c46f23e00f409af66586ebb062e) Importer(815301076,1909f56bfc062723c751e8b465ee728b)
Start importing Assets/Corpse_metalness.jpg using Guid(d9c03c46f23e00f409af66586ebb062e) Importer(815301076,1909f56bfc062723c751e8b465ee728b)  -> (artifact id: 'f8f7cdc0604f94421dc5dc31a935315e') in 0.012499 seconds 
  Import took 0.014813 seconds .

========================================================================
Received Import Request.
  Time since last request: 0.000224 seconds.
  path: Assets/Corpse_bump.jpg
  artifactKey: Guid(62353ddc53e515c408c27552297aa78b) Importer(815301076,1909f56bfc062723c751e8b465ee728b)
Start importing Assets/Corpse_bump.jpg using Guid(62353ddc53e515c408c27552297aa78b) Importer(815301076,1909f56bfc062723c751e8b465ee728b)  -> (artifact id: '992a9639027e55c4f9dae4dd8a3d58e5') in 0.010767 seconds 
  Import took 0.013859 seconds .

========================================================================
Received Import Request.
  Time since last request: 3.736192 seconds.
  path: Assets/Corpse
  artifactKey: Guid(cfab90b608eac704381de75a23a001c8) Importer(815301076,1909f56bfc062723c751e8b465ee728b)
Start importing Assets/Corpse using Guid(cfab90b608eac704381de75a23a001c8) Importer(815301076,1909f56bfc062723c751e8b465ee728b)  -> (artifact id: '3e721d49afb335df2d907a4915439aa6') in 0.005531 seconds 
  Import took 0.008058 seconds .

========================================================================
Received Import Request.
  Time since last request: 9.475971 seconds.
  path: Assets/Corpse/Corpse.mat
  artifactKey: Guid(4a4a72bf031ef8c4eb8664e2765d1f84) Importer(815301076,1909f56bfc062723c751e8b465ee728b)
Start importing Assets/Corpse/Corpse.mat using Guid(4a4a72bf031ef8c4eb8664e2765d1f84) Importer(815301076,1909f56bfc062723c751e8b465ee728b)  -> (artifact id: '039fc04b3ae4b9256cd79b5a8c71882f') in 0.015609 seconds 
  Import took 0.018583 seconds .

========================================================================
Received Import Request.
  Time since last request: 15.722676 seconds.
  path: Assets/Corpse/Corpse_normal.jpg
  artifactKey: Guid(b6f7fae82da66c944b81f11e50c3e8b0) Importer(815301076,1909f56bfc062723c751e8b465ee728b)
Start importing Assets/Corpse/Corpse_normal.jpg using Guid(b6f7fae82da66c944b81f11e50c3e8b0) Importer(815301076,1909f56bfc062723c751e8b465ee728b)  -> (artifact id: 'f03294780bc4e95099482e416072ccb4') in 0.013545 seconds 
  Import took 0.016276 seconds .

========================================================================
Received Import Request.
  Time since last request: 48.715641 seconds.
  path: Packages/com.unity.collab-proxy/Editor/Collaborate/Assets/Icons/conflicted-file-light@2x.png
  artifactKey: Guid(0365b40fda51ad5499dfe50b036adb1b) Importer(815301076,1909f56bfc062723c751e8b465ee728b)
Start importing Packages/com.unity.collab-proxy/Editor/Collaborate/Assets/Icons/conflicted-file-light@2x.png using Guid(0365b40fda51ad5499dfe50b036adb1b) Importer(815301076,1909f56bfc062723c751e8b465ee728b)  -> (artifact id: '6faaa8bdf5b89a68bee9c75f11fdaf74') in 0.013875 seconds 
  Import took 0.016965 seconds .

========================================================================
Received Import Request.
  Time since last request: 0.000306 seconds.
  path: Packages/com.unity.collab-proxy/Editor/PlasticSCM/Assets/Images/d_buttonssosigninemail.png
  artifactKey: Guid(3086d66a563317b40a20a20da2c64ac0) Importer(815301076,1909f56bfc062723c751e8b465ee728b)
Start importing Packages/com.unity.collab-proxy/Editor/PlasticSCM/Assets/Images/d_buttonssosigninemail.png using Guid(3086d66a563317b40a20a20da2c64ac0) Importer(815301076,1909f56bfc062723c751e8b465ee728b)  -> (artifact id: '961ce4eb492c21f36f8d939d8001c5c6') in 0.056146 seconds 
  Import took 0.058667 seconds .

========================================================================
Received Import Request.
  Time since last request: 0.000210 seconds.
  path: Packages/com.unity.collab-proxy/Editor/PlasticSCM/Assets/Images/d_buttonssosigninemail@2x.png
  artifactKey: Guid(144aa74618b85974a9a50f612c2fa8fd) Importer(815301076,1909f56bfc062723c751e8b465ee728b)
Start importing Packages/com.unity.collab-proxy/Editor/PlasticSCM/Assets/Images/d_buttonssosigninemail@2x.png using Guid(144aa74618b85974a9a50f612c2fa8fd) Importer(815301076,1909f56bfc062723c751e8b465ee728b)  -> (artifact id: '90f7778df4266e3198bad79527b89b4f') in 0.016390 seconds 
  Import took 0.018947 seconds .

========================================================================
Received Import Request.
  Time since last request: 0.504291 seconds.
  path: Packages/com.unity.collab-proxy/Editor/Collaborate/Assets/Icons/conflicted-file-dark@2x.png
  artifactKey: Guid(68295f1d2b4db9040ac84ac00d5554a6) Importer(815301076,1909f56bfc062723c751e8b465ee728b)
Start importing Packages/com.unity.collab-proxy/Editor/Collaborate/Assets/Icons/conflicted-file-dark@2x.png using Guid(68295f1d2b4db9040ac84ac00d5554a6) Importer(815301076,1909f56bfc062723c751e8b465ee728b)  -> (artifact id: '65409e536f8a39f8eedc317c68696138') in 0.010643 seconds 
  Import took 0.013135 seconds .

========================================================================
Received Import Request.
  Time since last request: 0.000195 seconds.
  path: Packages/com.unity.collab-proxy/Editor/Collaborate/Assets/Icons/conflicted-file-light.png
  artifactKey: Guid(159b6ffcecc70b54a991cab02c8be883) Importer(815301076,1909f56bfc062723c751e8b465ee728b)
Start importing Packages/com.unity.collab-proxy/Editor/Collaborate/Assets/Icons/conflicted-file-light.png using Guid(159b6ffcecc70b54a991cab02c8be883) Importer(815301076,1909f56bfc062723c751e8b465ee728b)  -> (artifact id: '36a6d5cf1a57c0d6fefb198354a79317') in 0.011615 seconds 
  Import took 0.014028 seconds .

========================================================================
Received Import Request.
  Time since last request: 0.003139 seconds.
  path: Packages/com.unity.collab-proxy/Editor/Collaborate/Assets/Icons/collaborate-warning-light@2x.png
  artifactKey: Guid(02fa233a818899d48a2d3e68a68b23b6) Importer(815301076,1909f56bfc062723c751e8b465ee728b)
Start importing Packages/com.unity.collab-proxy/Editor/Collaborate/Assets/Icons/collaborate-warning-light@2x.png using Guid(02fa233a818899d48a2d3e68a68b23b6) Importer(815301076,1909f56bfc062723c751e8b465ee728b)  -> (artifact id: '13b75267cda4e261e21337fd450ad203') in 0.010830 seconds 
  Import took 0.013306 seconds .

========================================================================
Received Import Request.
  Time since last request: 0.000166 seconds.
  path: Packages/com.unity.collab-proxy/Editor/Collaborate/Assets/Icons/conflicted-file-dark.png
  artifactKey: Guid(16b10562fce5a0f4794872a75d897cc9) Importer(815301076,1909f56bfc062723c751e8b465ee728b)
Start importing Packages/com.unity.collab-proxy/Editor/Collaborate/Assets/Icons/conflicted-file-dark.png using Guid(16b10562fce5a0f4794872a75d897cc9) Importer(815301076,1909f56bfc062723c751e8b465ee728b)  -> (artifact id: '15942175ff3d16644842ac227454f64b') in 0.012636 seconds 
  Import took 0.015176 seconds .

========================================================================
Received Import Request.
  Time since last request: 0.000271 seconds.
  path: Packages/com.unity.collab-proxy/Editor/Collaborate/Assets/Icons/collaborate-warning-dark@2x.png
  artifactKey: Guid(45308e2aea842dd4e87bb30395d6e303) Importer(815301076,1909f56bfc062723c751e8b465ee728b)
Start importing Packages/com.unity.collab-proxy/Editor/Collaborate/Assets/Icons/collaborate-warning-dark@2x.png using Guid(45308e2aea842dd4e87bb30395d6e303) Importer(815301076,1909f56bfc062723c751e8b465ee728b)  -> (artifact id: '0ad9200f0557531d617a28a0466115d2') in 0.010524 seconds 
  Import took 0.012942 seconds .

========================================================================
Received Import Request.
  Time since last request: 0.000255 seconds.
  path: Packages/com.unity.collab-proxy/Editor/Collaborate/Assets/Icons/collaborate-warning-light.png
  artifactKey: Guid(1e80543db0ef9494a9c1777f01e1a4a0) Importer(815301076,1909f56bfc062723c751e8b465ee728b)
Start importing Packages/com.unity.collab-proxy/Editor/Collaborate/Assets/Icons/collaborate-warning-light.png using Guid(1e80543db0ef9494a9c1777f01e1a4a0) Importer(815301076,1909f56bfc062723c751e8b465ee728b)  -> (artifact id: '8c2c379085a6d0da2ce4502cd6c47a4e') in 0.012347 seconds 
  Import took 0.015013 seconds .

========================================================================
Received Import Request.
  Time since last request: 0.160082 seconds.
  path: Packages/com.unity.collab-proxy/Editor/Collaborate/Assets/Icons/collaborate-progress-light@2x.png
  artifactKey: Guid(ae9e7828f0813b04fbe3f839422b2289) Importer(815301076,1909f56bfc062723c751e8b465ee728b)
Start importing Packages/com.unity.collab-proxy/Editor/Collaborate/Assets/Icons/collaborate-progress-light@2x.png using Guid(ae9e7828f0813b04fbe3f839422b2289) Importer(815301076,1909f56bfc062723c751e8b465ee728b)  -> (artifact id: '4d0e267a1ae3df83aaca4fabe5d2d64e') in 0.010356 seconds 
  Import took 0.012977 seconds .

========================================================================
Received Import Request.
  Time since last request: 0.000245 seconds.
  path: Packages/com.unity.collab-proxy/Editor/Collaborate/Assets/Icons/collaborate-warning-dark.png
  artifactKey: Guid(0e3edcdf6743ba643999fb3882f1cc15) Importer(815301076,1909f56bfc062723c751e8b465ee728b)
Start importing Packages/com.unity.collab-proxy/Editor/Collaborate/Assets/Icons/collaborate-warning-dark.png using Guid(0e3edcdf6743ba643999fb3882f1cc15) Importer(815301076,1909f56bfc062723c751e8b465ee728b)  -> (artifact id: '86c9084b94ec3b2d3b6bc74ec2543282') in 0.012250 seconds 
  Import took 0.014729 seconds .

========================================================================
Received Import Request.
  Time since last request: 0.285935 seconds.
  path: Packages/com.unity.collab-proxy/Editor/Collaborate/Assets/Icons/collaborate-error-light@2x.png
  artifactKey: Guid(d41e3a51c74c48847a8eb97a319afda8) Importer(815301076,1909f56bfc062723c751e8b465ee728b)
Start importing Packages/com.unity.collab-proxy/Editor/Collaborate/Assets/Icons/collaborate-error-light@2x.png using Guid(d41e3a51c74c48847a8eb97a319afda8) Importer(815301076,1909f56bfc062723c751e8b465ee728b)  -> (artifact id: '0a110ff86c52c1b349f96e63d3882033') in 0.013866 seconds 
  Import took 0.016837 seconds .

========================================================================
Received Import Request.
  Time since last request: 0.180432 seconds.
  path: Packages/com.unity.collab-proxy/Editor/Collaborate/Assets/Icons/collaborate-error-dark@2x.png
  artifactKey: Guid(0159d5999f4dc4545848ed42cd775ec4) Importer(815301076,1909f56bfc062723c751e8b465ee728b)
Start importing Packages/com.unity.collab-proxy/Editor/Collaborate/Assets/Icons/collaborate-error-dark@2x.png using Guid(0159d5999f4dc4545848ed42cd775ec4) Importer(815301076,1909f56bfc062723c751e8b465ee728b)  -> (artifact id: 'b01cff0f3cd976ae0776f861e4d17fca') in 0.010852 seconds 
  Import took 0.016983 seconds .

========================================================================
Received Import Request.
  Time since last request: 0.000264 seconds.
  path: Packages/com.unity.collab-proxy/Editor/Collaborate/Assets/Icons/collaborate-error-light.png
  artifactKey: Guid(b08f8cbc53d0bfb45bd2fd1f676d3554) Importer(815301076,1909f56bfc062723c751e8b465ee728b)
Start importing Packages/com.unity.collab-proxy/Editor/Collaborate/Assets/Icons/collaborate-error-light.png using Guid(b08f8cbc53d0bfb45bd2fd1f676d3554) Importer(815301076,1909f56bfc062723c751e8b465ee728b)  -> (artifact id: '83ebdd6343c10e46720185952496fcb5') in 0.010377 seconds 
  Import took 0.012816 seconds .

========================================================================
Received Import Request.
  Time since last request: 0.000228 seconds.
  path: Packages/com.unity.collab-proxy/Editor/Collaborate/Assets/Icons/collaborate-error-dark.png
  artifactKey: Guid(3eeca90c1ad2c46499941d0901eef4c6) Importer(815301076,1909f56bfc062723c751e8b465ee728b)
Start importing Packages/com.unity.collab-proxy/Editor/Collaborate/Assets/Icons/collaborate-error-dark.png using Guid(3eeca90c1ad2c46499941d0901eef4c6) Importer(815301076,1909f56bfc062723c751e8b465ee728b)  -> (artifact id: '683590296725747abc768a7f673663c4') in 0.011634 seconds 
  Import took 0.013990 seconds .

========================================================================
Received Import Request.
  Time since last request: 0.000245 seconds.
  path: Packages/com.unity.collab-proxy/Editor/Collaborate/Assets/Icons/collaborate-done-dark@2x.png
  artifactKey: Guid(fba4512e3548e0548b2cf4f11913e257) Importer(815301076,1909f56bfc062723c751e8b465ee728b)
Start importing Packages/com.unity.collab-proxy/Editor/Collaborate/Assets/Icons/collaborate-done-dark@2x.png using Guid(fba4512e3548e0548b2cf4f11913e257) Importer(815301076,1909f56bfc062723c751e8b465ee728b)  -> (artifact id: '1dc3098b39ae1bb08224099f25808325') in 0.010651 seconds 
  Import took 0.013174 seconds .

========================================================================
Received Import Request.
  Time since last request: 0.000243 seconds.
  path: Packages/com.unity.collab-proxy/Editor/Collaborate/Assets/Icons/collaborate-done-light.png
  artifactKey: Guid(68d404d4616084f449a3bc644c023f2c) Importer(815301076,1909f56bfc062723c751e8b465ee728b)
Start importing Packages/com.unity.collab-proxy/Editor/Collaborate/Assets/Icons/collaborate-done-light.png using Guid(68d404d4616084f449a3bc644c023f2c) Importer(815301076,1909f56bfc062723c751e8b465ee728b)  -> (artifact id: '70b4b194d4903b63d3dade8c33ccbbe4') in 0.008517 seconds 
  Import took 0.010880 seconds .

========================================================================
Received Import Request.
  Time since last request: 0.000237 seconds.
  path: Packages/com.unity.collab-proxy/Editor/Collaborate/Assets/Icons/collaborate-dark@2x.png
  artifactKey: Guid(158d9c687149a0e499002e08c9420c70) Importer(815301076,1909f56bfc062723c751e8b465ee728b)
Start importing Packages/com.unity.collab-proxy/Editor/Collaborate/Assets/Icons/collaborate-dark@2x.png using Guid(158d9c687149a0e499002e08c9420c70) Importer(815301076,1909f56bfc062723c751e8b465ee728b)  -> (artifact id: '4ee6f82510fd35ed8a20b9e873586131') in 0.010884 seconds 
  Import took 0.013216 seconds .

========================================================================
Received Import Request.
  Time since last request: 0.000254 seconds.
  path: Packages/com.unity.collab-proxy/Editor/Collaborate/Assets/Icons/collaborate-done-dark.png
  artifactKey: Guid(80c31f397a3ab184bae2f0d4b3dc5c1d) Importer(815301076,1909f56bfc062723c751e8b465ee728b)
Start importing Packages/com.unity.collab-proxy/Editor/Collaborate/Assets/Icons/collaborate-done-dark.png using Guid(80c31f397a3ab184bae2f0d4b3dc5c1d) Importer(815301076,1909f56bfc062723c751e8b465ee728b)  -> (artifact id: '7994e8f6a99f01ec0ec8b481abb1f20e') in 0.011005 seconds 
  Import took 0.013416 seconds .

========================================================================
Received Import Request.
  Time since last request: 0.000268 seconds.
  path: Packages/com.unity.collab-proxy/Editor/Collaborate/Assets/Icons/collaborate-available-changes-light@2x.png
  artifactKey: Guid(8478a99d8fb61c94ba938c3034d449c6) Importer(815301076,1909f56bfc062723c751e8b465ee728b)
Start importing Packages/com.unity.collab-proxy/Editor/Collaborate/Assets/Icons/collaborate-available-changes-light@2x.png using Guid(8478a99d8fb61c94ba938c3034d449c6) Importer(815301076,1909f56bfc062723c751e8b465ee728b)  -> (artifact id: '460f25394ebda4fe9275e9794f45cd3e') in 0.010852 seconds 
  Import took 0.013255 seconds .

========================================================================
Received Import Request.
  Time since last request: 0.000248 seconds.
  path: Packages/com.unity.collab-proxy/Editor/Collaborate/Assets/Icons/collaborate-dark.png
  artifactKey: Guid(8558913fe46542045b38c8f97ef8546a) Importer(815301076,1909f56bfc062723c751e8b465ee728b)
Start importing Packages/com.unity.collab-proxy/Editor/Collaborate/Assets/Icons/collaborate-dark.png using Guid(8558913fe46542045b38c8f97ef8546a) Importer(815301076,1909f56bfc062723c751e8b465ee728b)  -> (artifact id: 'adef9f622f2b38bae338e4cea0cace14') in 0.011365 seconds 
  Import took 0.013645 seconds .

========================================================================
Received Import Request.
  Time since last request: 0.000183 seconds.
  path: Packages/com.unity.collab-proxy/Editor/Collaborate/Assets/Icons/collaborate-done-light@2x.png
  artifactKey: Guid(efbf52d7ee1264d478d63a17b943941a) Importer(815301076,1909f56bfc062723c751e8b465ee728b)
Start importing Packages/com.unity.collab-proxy/Editor/Collaborate/Assets/Icons/collaborate-done-light@2x.png using Guid(efbf52d7ee1264d478d63a17b943941a) Importer(815301076,1909f56bfc062723c751e8b465ee728b)  -> (artifact id: 'c6a992a35678efcc6f30d125d0cc4a90') in 0.010820 seconds 
  Import took 0.013279 seconds .

========================================================================
Received Import Request.
  Time since last request: 0.406812 seconds.
  path: Assets/bloody knife/caidao_low_02_-_Default_Roughness.tga.png
  artifactKey: Guid(7cf6af5e1a9d7c043bb7f6e0b9c5f88f) Importer(815301076,1909f56bfc062723c751e8b465ee728b)
Start importing Assets/bloody knife/caidao_low_02_-_Default_Roughness.tga.png using Guid(7cf6af5e1a9d7c043bb7f6e0b9c5f88f) Importer(815301076,1909f56bfc062723c751e8b465ee728b)  -> (artifact id: 'c14c50f28e123d59e03cb723c90d789f') in 0.013389 seconds 
  Import took 0.016336 seconds .

========================================================================
Received Import Request.
  Time since last request: 0.000200 seconds.
  path: Assets/bloody knife/caidao_low_02_-_Default_Metallic.tga.png
  artifactKey: Guid(af38f01bdcadac946a9205ab282c1335) Importer(815301076,1909f56bfc062723c751e8b465ee728b)
Start importing Assets/bloody knife/caidao_low_02_-_Default_Metallic.tga.png using Guid(af38f01bdcadac946a9205ab282c1335) Importer(815301076,1909f56bfc062723c751e8b465ee728b)  -> (artifact id: 'a85c763e3157ee68bfddab9ec5dfa995') in 0.012940 seconds 
  Import took 0.015252 seconds .

========================================================================
Received Import Request.
  Time since last request: 0.000214 seconds.
  path: Assets/bloody knife/caidao_low_02_-_Default_Normal.tga.png
  artifactKey: Guid(fb35c657854b74543ba92c800a46db87) Importer(815301076,1909f56bfc062723c751e8b465ee728b)
Start importing Assets/bloody knife/caidao_low_02_-_Default_Normal.tga.png using Guid(fb35c657854b74543ba92c800a46db87) Importer(815301076,1909f56bfc062723c751e8b465ee728b)  -> (artifact id: 'e58cc159b8dee928b64f5ffb0450c209') in 0.013012 seconds 
  Import took 0.015657 seconds .

========================================================================
Received Import Request.
  Time since last request: 0.208279 seconds.
  path: Assets/bloody knife/caidao_low_02_-_Default_AO.tga.png
  artifactKey: Guid(d623227ed9ce12440a02e5904438b098) Importer(815301076,1909f56bfc062723c751e8b465ee728b)
Start importing Assets/bloody knife/caidao_low_02_-_Default_AO.tga.png using Guid(d623227ed9ce12440a02e5904438b098) Importer(815301076,1909f56bfc062723c751e8b465ee728b)  -> (artifact id: '5774cf2797167ac2666b87b2aba7f0ec') in 0.014174 seconds 
  Import took 0.016852 seconds .

========================================================================
Received Import Request.
  Time since last request: 0.000244 seconds.
  path: Assets/bloody knife/caidao_low_02_-_Default_BaseColor.tga.png
  artifactKey: Guid(0cd8acddfe5a3ee449daa680a06d3399) Importer(815301076,1909f56bfc062723c751e8b465ee728b)
Start importing Assets/bloody knife/caidao_low_02_-_Default_BaseColor.tga.png using Guid(0cd8acddfe5a3ee449daa680a06d3399) Importer(815301076,1909f56bfc062723c751e8b465ee728b)  -> (artifact id: '9f88e0d63a4eaa4e50878d1193b9b050') in 0.011159 seconds 
  Import took 0.013585 seconds .

========================================================================
Received Import Request.
  Time since last request: 147.966762 seconds.
  path: Assets/Rusty Nail FBX
  artifactKey: Guid(ab211a0fcf5e739409f94f7949e8d253) Importer(815301076,1909f56bfc062723c751e8b465ee728b)
Start importing Assets/Rusty Nail FBX using Guid(ab211a0fcf5e739409f94f7949e8d253) Importer(815301076,1909f56bfc062723c751e8b465ee728b)  -> (artifact id: '9d7f4fe79cb4e0cfec4a369d45c29df1') in 0.006128 seconds 
  Import took 0.009454 seconds .

========================================================================
Received Import Request.
  Time since last request: 0.065606 seconds.
  path: Assets/Rusty Nail FBX/Rusty_Nail_Diffuse.jpg
  artifactKey: Guid(1f776dfb73d8e6942b726cfda8b28456) Importer(815301076,1909f56bfc062723c751e8b465ee728b)
Start importing Assets/Rusty Nail FBX/Rusty_Nail_Diffuse.jpg using Guid(1f776dfb73d8e6942b726cfda8b28456) Importer(815301076,1909f56bfc062723c751e8b465ee728b)  -> (artifact id: 'ab633083f04907b33bdc37ac8f3a793d') in 0.010484 seconds 
  Import took 0.012916 seconds .

========================================================================
Received Import Request.
  Time since last request: 0.000270 seconds.
  path: Assets/Rusty Nail FBX/Rusty_Nail_fbx.fbx
  artifactKey: Guid(ee6ba7d353685b34685e6328a122d0b9) Importer(815301076,1909f56bfc062723c751e8b465ee728b)
Start importing Assets/Rusty Nail FBX/Rusty_Nail_fbx.fbx using Guid(ee6ba7d353685b34685e6328a122d0b9) Importer(815301076,1909f56bfc062723c751e8b465ee728b)  -> (artifact id: '6bb9043f79343defaaf1cb76217a59b3') in 0.023885 seconds 
  Import took 0.026161 seconds .

========================================================================
Received Import Request.
  Time since last request: 0.000263 seconds.
  path: Assets/Rusty Nail FBX/Rusty_Nail_Normal.jpg
  artifactKey: Guid(78a947865bef5b1419c29488885f15db) Importer(815301076,1909f56bfc062723c751e8b465ee728b)
Start importing Assets/Rusty Nail FBX/Rusty_Nail_Normal.jpg using Guid(78a947865bef5b1419c29488885f15db) Importer(815301076,1909f56bfc062723c751e8b465ee728b)  -> (artifact id: '0cde73a655cf8a7284d77b4bda07ddf0') in 0.009861 seconds 
  Import took 0.012056 seconds .

========================================================================
Received Import Request.
  Time since last request: 0.000267 seconds.
  path: Assets/Rusty Nail FBX/Rusty_Nail_Specular.jpg
  artifactKey: Guid(fa30c9fa5c5538244ac782c03fb90d84) Importer(815301076,1909f56bfc062723c751e8b465ee728b)
Start importing Assets/Rusty Nail FBX/Rusty_Nail_Specular.jpg using Guid(fa30c9fa5c5538244ac782c03fb90d84) Importer(815301076,1909f56bfc062723c751e8b465ee728b)  -> (artifact id: 'c75060a99edeb66d9a6fd346f01e71cb') in 0.009890 seconds 
  Import took 0.012066 seconds .

AssetImportWorkerClient::OnTransportError - code=2 error=End of file
